<?xml version="1.0" encoding="UTF-8"?>
<!-- Generated by org.testng.reporters.JUnitReportReporter -->
<testsuite skipped="0" hostname="ravis-MacBook-Pro.local" name="ANDROID_ARMS.ANDROID_ARMS.FeedAdVAlidationonUI" tests="1" failures="0" timestamp="23 Jan 2018 11:33:47 GMT" time="126.085" errors="1">
  <testcase name="put_app_testmode" time="126.085" classname="ANDROID_ARMS.ANDROID_ARMS.FeedAdVAlidationonUI">
    <error type="org.openqa.selenium.NoSuchElementException" message="An element could not be located on the page using the given search parameters. (WARNING: The server did not provide any stacktrace information)
Command duration or timeout: 60.15 seconds
For documentation on this error, please visit: http://seleniumhq.org/exceptions/no_such_element.html
Build info: version: &#039;2.51.0&#039;, revision: &#039;1af067dbcaedd7d2ab9af5151fc471d363d97193&#039;, time: &#039;2016-02-05 11:20:57&#039;
System info: host: &#039;ravis-MacBook-Pro.local&#039;, ip: &#039;169.254.244.50&#039;, os.name: &#039;Mac OS X&#039;, os.arch: &#039;x86_64&#039;, os.version: &#039;10.12&#039;, java.version: &#039;1.8.0_60&#039;
Driver info: io.appium.java_client.android.AndroidDriver
Capabilities [{app=/Users/monocept/Desktop/android-arms-master/APKFile/TWC_808000972_googleDebug.apk, appPackage=com.weather.Weather, networkConnectionEnabled=true, warnings={}, databaseEnabled=false, deviceName=ce051605b999df4004, fullReset=true, platform=LINUX, desired={app=/Users/monocept/Desktop/android-arms-master/APKFile/TWC_808000972_googleDebug.apk, appPackage=com.weather.Weather, appium-version=1.4.13, newCommandTimeout=100000, autoLaunch=true, platformVersion=6.0.1, platformName=Android, deviceName=Samsung S6, fullReset=true}, appium-version=1.4.13, newCommandTimeout=100000, autoLaunch=true, platformVersion=7.0, webStorageEnabled=false, locationContextEnabled=false, browserName=Android, takesScreenshot=true, javascriptEnabled=true, platformName=Android}]
Session ID: 78d1ec44-fbac-431d-b974-f1885c4016c9
*** Element info: {Using=xpath, value=//android.widget.LinearLayout[1]/android.widget.FrameLayout[1]/android.widget.LinearLayout[1]/android.widget.FrameLayout[1]/android.support.v4.widget.DrawerLayout[1]/android.widget.RelativeLayout[1]/android.widget.FrameLayout[2]/android.view.ViewGroup[1]/android.widget.ImageButton[1]}">
      <![CDATA[org.openqa.selenium.NoSuchElementException: An element could not be located on the page using the given search parameters. (WARNING: The server did not provide any stacktrace information)
Command duration or timeout: 60.15 seconds
For documentation on this error, please visit: http://seleniumhq.org/exceptions/no_such_element.html
Build info: version: '2.51.0', revision: '1af067dbcaedd7d2ab9af5151fc471d363d97193', time: '2016-02-05 11:20:57'
System info: host: 'ravis-MacBook-Pro.local', ip: '169.254.244.50', os.name: 'Mac OS X', os.arch: 'x86_64', os.version: '10.12', java.version: '1.8.0_60'
Driver info: io.appium.java_client.android.AndroidDriver
Capabilities [{app=/Users/monocept/Desktop/android-arms-master/APKFile/TWC_808000972_googleDebug.apk, appPackage=com.weather.Weather, networkConnectionEnabled=true, warnings={}, databaseEnabled=false, deviceName=ce051605b999df4004, fullReset=true, platform=LINUX, desired={app=/Users/monocept/Desktop/android-arms-master/APKFile/TWC_808000972_googleDebug.apk, appPackage=com.weather.Weather, appium-version=1.4.13, newCommandTimeout=100000, autoLaunch=true, platformVersion=6.0.1, platformName=Android, deviceName=Samsung S6, fullReset=true}, appium-version=1.4.13, newCommandTimeout=100000, autoLaunch=true, platformVersion=7.0, webStorageEnabled=false, locationContextEnabled=false, browserName=Android, takesScreenshot=true, javascriptEnabled=true, platformName=Android}]
Session ID: 78d1ec44-fbac-431d-b974-f1885c4016c9
*** Element info: {Using=xpath, value=//android.widget.LinearLayout[1]/android.widget.FrameLayout[1]/android.widget.LinearLayout[1]/android.widget.FrameLayout[1]/android.support.v4.widget.DrawerLayout[1]/android.widget.RelativeLayout[1]/android.widget.FrameLayout[2]/android.view.ViewGroup[1]/android.widget.ImageButton[1]}
	at sun.reflect.NativeConstructorAccessorImpl.newInstance0(Native Method)
	at sun.reflect.NativeConstructorAccessorImpl.newInstance(NativeConstructorAccessorImpl.java:62)
	at sun.reflect.DelegatingConstructorAccessorImpl.newInstance(DelegatingConstructorAccessorImpl.java:45)
	at java.lang.reflect.Constructor.newInstance(Constructor.java:422)
	at org.openqa.selenium.remote.ErrorHandler.createThrowable(ErrorHandler.java:206)
	at org.openqa.selenium.remote.ErrorHandler.throwIfResponseFailed(ErrorHandler.java:158)
	at org.openqa.selenium.remote.RemoteWebDriver.execute(RemoteWebDriver.java:678)
	at io.appium.java_client.DefaultGenericMobileDriver.execute(DefaultGenericMobileDriver.java:42)
	at io.appium.java_client.AppiumDriver.execute(AppiumDriver.java:1)
	at io.appium.java_client.android.AndroidDriver.execute(AndroidDriver.java:1)
	at org.openqa.selenium.remote.RemoteWebDriver.findElement(RemoteWebDriver.java:363)
	at org.openqa.selenium.remote.RemoteWebDriver.findElementByXPath(RemoteWebDriver.java:500)
	at io.appium.java_client.DefaultGenericMobileDriver.findElementByXPath(DefaultGenericMobileDriver.java:132)
	at io.appium.java_client.AppiumDriver.findElementByXPath(AppiumDriver.java:1)
	at io.appium.java_client.android.AndroidDriver.findElementByXPath(AndroidDriver.java:1)
	at org.openqa.selenium.By$ByXPath.findElement(By.java:361)
	at org.openqa.selenium.remote.RemoteWebDriver.findElement(RemoteWebDriver.java:355)
	at io.appium.java_client.DefaultGenericMobileDriver.findElement(DefaultGenericMobileDriver.java:52)
	at io.appium.java_client.AppiumDriver.findElement(AppiumDriver.java:1)
	at io.appium.java_client.android.AndroidDriver.findElement(AndroidDriver.java:1)
	at twc.Automation.HandleWithApp.AppFunctions.Change_to_airlock_testMode(AppFunctions.java:1648)
	at ANDROID_ARMS.ANDROID_ARMS.FeedAdVAlidationonUI.put_app_testmode(FeedAdVAlidationonUI.java:359)
	at sun.reflect.NativeMethodAccessorImpl.invoke0(Native Method)
	at sun.reflect.NativeMethodAccessorImpl.invoke(NativeMethodAccessorImpl.java:62)
	at sun.reflect.DelegatingMethodAccessorImpl.invoke(DelegatingMethodAccessorImpl.java:43)
	at java.lang.reflect.Method.invoke(Method.java:497)
	at org.testng.internal.MethodInvocationHelper.invokeMethod(MethodInvocationHelper.java:108)
	at org.testng.internal.Invoker.invokeMethod(Invoker.java:661)
	at org.testng.internal.Invoker.invokeTestMethod(Invoker.java:869)
	at org.testng.internal.Invoker.invokeTestMethods(Invoker.java:1193)
	at org.testng.internal.TestMethodWorker.invokeTestMethods(TestMethodWorker.java:126)
	at org.testng.internal.TestMethodWorker.run(TestMethodWorker.java:109)
	at org.testng.TestRunner.privateRun(TestRunner.java:744)
	at org.testng.TestRunner.run(TestRunner.java:602)
	at org.testng.SuiteRunner.runTest(SuiteRunner.java:380)
	at org.testng.SuiteRunner.runSequentially(SuiteRunner.java:375)
	at org.testng.SuiteRunner.privateRun(SuiteRunner.java:340)
	at org.testng.SuiteRunner.run(SuiteRunner.java:289)
	at org.testng.SuiteRunnerWorker.runSuite(SuiteRunnerWorker.java:52)
	at org.testng.SuiteRunnerWorker.run(SuiteRunnerWorker.java:86)
	at org.testng.TestNG.runSuitesSequentially(TestNG.java:1301)
	at org.testng.TestNG.runSuitesLocally(TestNG.java:1226)
	at org.testng.TestNG.runSuites(TestNG.java:1144)
	at org.testng.TestNG.run(TestNG.java:1115)
	at org.testng.remote.AbstractRemoteTestNG.run(AbstractRemoteTestNG.java:132)
	at org.testng.remote.RemoteTestNG.initAndRun(RemoteTestNG.java:230)
	at org.testng.remote.RemoteTestNG.main(RemoteTestNG.java:76)
]]>
    </error>
  </testcase> <!-- put_app_testmode -->
</testsuite> <!-- ANDROID_ARMS.ANDROID_ARMS.FeedAdVAlidationonUI -->
